<?xml version="1.0" encoding="UTF-8"?>
<testng-results skipped="0" failed="0" ignored="0" total="1" passed="1">
  <reporter-output>
  </reporter-output>
  <suite name="Default suite" duration-ms="4277" started-at="2022-12-09T03:17:36Z" finished-at="2022-12-09T03:17:40Z">
    <groups>
    </groups>
    <test name="Default test" duration-ms="4277" started-at="2022-12-09T03:17:36Z" finished-at="2022-12-09T03:17:40Z">
      <class name="com.smarttechqa.testng.DataFromExcel">
        <test-method status="PASS" signature="openBrowser(java.lang.String, java.lang.String)[pri:0, instance:com.smarttechqa.testng.DataFromExcel@355ce81c]" name="openBrowser" duration-ms="4233" started-at="2022-12-09T03:17:36Z" data-provider="Search" finished-at="2022-12-09T03:17:40Z">
          <params>
            <param index="0">
              <value>
                <![CDATA[amazon]]>
              </value>
            </param>
            <param index="1">
              <value>
                <![CDATA[echo]]>
              </value>
            </param>
          </params>
          <reporter-output>
          </reporter-output>
        </test-method> <!-- openBrowser -->
      </class> <!-- com.smarttechqa.testng.DataFromExcel -->
    </test> <!-- Default test -->
  </suite> <!-- Default suite -->
</testng-results>
