<?xml version="1.0" encoding="UTF-8"?>
<testng-results skipped="0" failed="0" ignored="0" total="2" passed="2">
  <reporter-output>
  </reporter-output>
  <suite name="Default suite" duration-ms="11299" started-at="2023-02-03T00:46:21Z" finished-at="2023-02-03T00:46:32Z">
    <groups>
    </groups>
    <test name="Default test" duration-ms="11299" started-at="2023-02-03T00:46:21Z" finished-at="2023-02-03T00:46:32Z">
      <class name="com.smarttechqa.testng.TestNGPractice">
        <test-method status="PASS" signature="setUp()[pri:0, instance:com.smarttechqa.testng.TestNGPractice@3569fc08]" name="setUp" is-config="true" duration-ms="4695" started-at="2023-02-03T00:46:21Z" finished-at="2023-02-03T00:46:26Z">
          <reporter-output>
          </reporter-output>
        </test-method> <!-- setUp -->
        <test-method status="PASS" signature="googleSearch()[pri:1, instance:com.smarttechqa.testng.TestNGPractice@3569fc08]" name="googleSearch" duration-ms="246" started-at="2023-02-03T00:46:26Z" finished-at="2023-02-03T00:46:26Z">
          <reporter-output>
          </reporter-output>
        </test-method> <!-- googleSearch -->
        <test-method status="PASS" signature="tearDown()[pri:0, instance:com.smarttechqa.testng.TestNGPractice@3569fc08]" name="tearDown" is-config="true" duration-ms="639" started-at="2023-02-03T00:46:26Z" finished-at="2023-02-03T00:46:26Z">
          <reporter-output>
          </reporter-output>
        </test-method> <!-- tearDown -->
        <test-method status="PASS" signature="setUp()[pri:0, instance:com.smarttechqa.testng.TestNGPractice@3569fc08]" name="setUp" is-config="true" duration-ms="4400" started-at="2023-02-03T00:46:26Z" finished-at="2023-02-03T00:46:31Z">
          <reporter-output>
          </reporter-output>
        </test-method> <!-- setUp -->
        <test-method status="PASS" signature="clickImageButton()[pri:2, instance:com.smarttechqa.testng.TestNGPractice@3569fc08]" name="clickImageButton" duration-ms="656" started-at="2023-02-03T00:46:31Z" finished-at="2023-02-03T00:46:31Z">
          <reporter-output>
          </reporter-output>
        </test-method> <!-- clickImageButton -->
        <test-method status="PASS" signature="tearDown()[pri:0, instance:com.smarttechqa.testng.TestNGPractice@3569fc08]" name="tearDown" is-config="true" duration-ms="602" started-at="2023-02-03T00:46:31Z" finished-at="2023-02-03T00:46:32Z">
          <reporter-output>
          </reporter-output>
        </test-method> <!-- tearDown -->
      </class> <!-- com.smarttechqa.testng.TestNGPractice -->
    </test> <!-- Default test -->
  </suite> <!-- Default suite -->
</testng-results>
